[0712/104239.671:ERROR:prune_crash_reports.cc(34)] PruneCrashReportDatabase: Failed to get pending reports
[0713/104238.992:ERROR:prune_crash_reports.cc(34)] PruneCrashReportDatabase: Failed to get pending reports
[0714/104252.898:ERROR:prune_crash_reports.cc(34)] PruneCrashReportDatabase: Failed to get pending reports
[0923/203925.741:ERROR:prune_crash_reports.cc(34)] PruneCrashReportDatabase: Failed to get pending reports
[1022/133754.989:ERROR:prune_crash_reports.cc(34)] PruneCrashReportDatabase: Failed to get pending reports
[0423/131419.232:ERROR:process_reader_win.cc(182)] ResumeThread: The parameter is incorrect. (0x57)
[0423/131419.236:ERROR:process_reader_win.cc(151)] SuspendThread: Access is denied. (0x5)
[0423/131419.236:ERROR:process_reader_win.cc(151)] SuspendThread: Access is denied. (0x5)
[0423/131419.257:ERROR:process_reader_win.cc(123)] NtOpenThread: An invalid Client ID was specified. (0xc000000b)
[0423/131419.265:ERROR:process_reader_win.cc(123)] NtOpenThread: An invalid Client ID was specified. (0xc000000b)
[0423/131419.266:ERROR:process_reader_win.cc(123)] NtOpenThread: An invalid Client ID was specified. (0xc000000b)
[0423/131419.266:ERROR:process_reader_win.cc(123)] NtOpenThread: An invalid Client ID was specified. (0xc000000b)
[0423/131419.266:ERROR:process_reader_win.cc(123)] NtOpenThread: An invalid Client ID was specified. (0xc000000b)
[0423/131419.266:ERROR:process_reader_win.cc(123)] NtOpenThread: An invalid Client ID was specified. (0xc000000b)
[0423/131419.266:ERROR:process_reader_win.cc(123)] NtOpenThread: An invalid Client ID was specified. (0xc000000b)
[0423/131419.266:ERROR:process_reader_win.cc(123)] NtOpenThread: An invalid Client ID was specified. (0xc000000b)
[0423/131419.266:ERROR:exception_snapshot_win.cc(98)] thread ID 14936 not found in process
[0423/131419.266:ERROR:scoped_process_suspend.cc(40)] NtResumeProcess: An attempt was made to access an exiting process. (0xc000010a)
[0423/144626.928:ERROR:process_reader_win.cc(151)] SuspendThread: Access is denied. (0x5)
[0423/144626.932:ERROR:process_reader_win.cc(151)] SuspendThread: Access is denied. (0x5)
[0423/144626.932:ERROR:exception_snapshot_win.cc(98)] thread ID 12924 not found in process
[1017/205208.026:ERROR:directory_reader_win.cc(43)] FindFirstFile: The system cannot find the path specified. (0x3)
[1017/211621.424:ERROR:directory_reader_win.cc(43)] FindFirstFile: The system cannot find the path specified. (0x3)
[1017/212659.541:ERROR:directory_reader_win.cc(43)] FindFirstFile: The system cannot find the path specified. (0x3)
[1017/212842.935:ERROR:directory_reader_win.cc(43)] FindFirstFile: The system cannot find the path specified. (0x3)
